Flutter crash report.
Please report a bug at https://github.com/flutter/flutter/issues.

## command

flutter --quiet assemble --no-version-check --depfile E:\bank_bay\build\app\intermediates\flutter\release/flutter_build.d --output E:\bank_bay\build\app\intermediates\flutter\release -dTargetFile=lib\main.dart -dTargetPlatform=android -dBuildMode=release -dTrackWidgetCreation=true -dTreeShakeIcons=true android_aot_bundle_release_android-arm android_aot_bundle_release_android-arm64 android_aot_bundle_release_android-x64

## exception

FileSystemException: FileSystemException: Failed to decode data using encoding 'utf-8', path = 'E:\bank_bay\.dart_tool\flutter_build\82eb557c42bfca3d4dd9acc136cd932e\flutter_assets.d'

```
#0      _File._tryDecode (dart:io/file_impl.dart:615:7)
#1      _File.readAsStringSync (dart:io/file_impl.dart:624:7)
#2      ForwardingFile.readAsStringSync (package:file/src/forwarding/forwarding_file.dart:99:16)
#3      ErrorHandlingFile.readAsStringSync.<anonymous closure> (package:flutter_tools/src/base/error_handling_io.dart:218:22)
#4      _runSync (package:flutter_tools/src/base/error_handling_io.dart:590:14)
#5      ErrorHandlingFile.readAsStringSync (package:flutter_tools/src/base/error_handling_io.dart:217:12)
#6      SourceVisitor.visitDepfile (package:flutter_tools/src/build_system/source.dart:55:37)
#7      List.forEach (dart:core-patch/growable_array.dart:416:8)
#8      Target._resolveConfiguration (package:flutter_tools/src/build_system/build_system.dart:251:14)
#9      Target.resolveInputs (package:flutter_tools/src/build_system/build_system.dart:196:12)
#10     Target._toNode (package:flutter_tools/src/build_system/build_system.dart:149:39)
#11     Target._toNode (package:flutter_tools/src/build_system/build_system.dart:156:58)
#12     Target._toNode (package:flutter_tools/src/build_system/build_system.dart:156:58)
#13     FlutterBuildSystem.build (package:flutter_tools/src/build_system/build_system.dart:609:30)
#14     AssembleCommand.runCommand (package:flutter_tools/src/commands/assemble.dart:315:51)
#15     FlutterCommand.verifyThenRunCommand (package:flutter_tools/src/runner/flutter_command.dart:1616:12)
<asynchronous suspension>
#16     FlutterCommand.run.<anonymous closure> (package:flutter_tools/src/runner/flutter_command.dart:1297:27)
<asynchronous suspension>
#17     AppContext.run.<anonymous closure> (package:flutter_tools/src/base/context.dart:150:19)
<asynchronous suspension>
#18     CommandRunner.runCommand (package:args/command_runner.dart:212:13)
<asynchronous suspension>
#19     FlutterCommandRunner.runCommand.<anonymous closure> (package:flutter_tools/src/runner/flutter_command_runner.dart:339:9)
<asynchronous suspension>
#20     AppContext.run.<anonymous closure> (package:flutter_tools/src/base/context.dart:150:19)
<asynchronous suspension>
#21     FlutterCommandRunner.runCommand (package:flutter_tools/src/runner/flutter_command_runner.dart:285:5)
<asynchronous suspension>
#22     run.<anonymous closure>.<anonymous closure> (package:flutter_tools/runner.dart:115:9)
<asynchronous suspension>
#23     AppContext.run.<anonymous closure> (package:flutter_tools/src/base/context.dart:150:19)
<asynchronous suspension>
#24     main (package:flutter_tools/executable.dart:90:3)
<asynchronous suspension>
```

## flutter doctor

```
[!] Flutter (Channel stable, 3.13.5, on Microsoft Windows [Version 10.0.22621.2506], locale en-IN)
    • Flutter version 3.13.5 on channel stable at C:\flutter\flutter 3.13.3\flutter
    ! Warning: `flutter` on your path resolves to C:\flutter\flutter 3.7.0\flutter\bin\flutter, which is not inside your current Flutter SDK checkout at C:\flutter\flutter 3.13.3\flutter. Consider adding C:\flutter\flutter 3.13.3\flutter\bin to the front of your path.
    ! Warning: `dart` on your path resolves to C:\flutter\flutter 3.7.0\flutter\bin\dart, which is not inside your current Flutter SDK checkout at C:\flutter\flutter 3.13.3\flutter. Consider adding C:\flutter\flutter 3.13.3\flutter\bin to the front of your path.
    • Upstream repository https://github.com/flutter/flutter.git
    • Framework revision 12fccda598 (6 weeks ago), 2023-09-19 13:56:11 -0700
    • Engine revision bd986c5ed2
    • Dart version 3.1.2
    • DevTools version 2.25.0
    • If those were intentional, you can disregard the above warnings; however it is recommended to use "git" directly to perform update checks and upgrades.

[✓] Windows Version (Installed version of Windows is version 10 or higher)

[!] Android toolchain - develop for Android devices (Android SDK version 34.0.0)
    • Android SDK at C:\Users\aksha\AppData\Local\Android\sdk
    ✗ cmdline-tools component is missing
      Run `path/to/sdkmanager --install "cmdline-tools;latest"`
      See https://developer.android.com/studio/command-line for more details.
    ✗ Android license status unknown.
      Run `flutter doctor --android-licenses` to accept the SDK licenses.
      See https://flutter.dev/docs/get-started/install/windows#android-setup for more details.

[✓] Chrome - develop for the web
    • Chrome at C:\Program Files\Google\Chrome\Application\chrome.exe

[✗] Visual Studio - develop Windows apps
    ✗ Visual Studio not installed; this is necessary to develop Windows apps.
      Download at https://visualstudio.microsoft.com/downloads/.
      Please install the "Desktop development with C++" workload, including all of its default components

[✓] Android Studio (version 2022.3)
    • Android Studio at C:\Program Files\Android\Android Studio1
    • Flutter plugin can be installed from:
      🔨 https://plugins.jetbrains.com/plugin/9212-flutter
    • Dart plugin can be installed from:
      🔨 https://plugins.jetbrains.com/plugin/6351-dart
    • Java version OpenJDK Runtime Environment (build 17.0.6+0-b2043.56-10027231)

[✓] Connected device (3 available)
    • Windows (desktop) • windows • windows-x64    • Microsoft Windows [Version 10.0.22621.2506]
    • Chrome (web)      • chrome  • web-javascript • Google Chrome 118.0.5993.118
    • Edge (web)        • edge    • web-javascript • Microsoft Edge 118.0.2088.76

[✓] Network resources
    • All expected network resources are available.

! Doctor found issues in 3 categories.
```
