Flutter crash report.
Please report a bug at https://github.com/flutter/flutter/issues.

## command

flutter --no-color pub get

## exception

PathNotFoundException: PathNotFoundException: Deletion failed, path = 'D:\flutter_project\bank_bay\windows\flutter\ephemeral\.plugin_symlinks' (OS Error: The system cannot find the file specified.
, errno = 2)

```
#0      _Directory._deleteSync (dart:io/directory_impl.dart:193:7)
#1      FileSystemEntity.deleteSync (dart:io/file_system_entity.dart:424:7)
#2      ForwardingFileSystemEntity.deleteSync (package:file/src/forwarding/forwarding_file_system_entity.dart:70:16)
#3      ErrorHandlingDirectory.deleteSync.<anonymous closure> (package:flutter_tools/src/base/error_handling_io.dart:481:22)
#4      _runSync (package:flutter_tools/src/base/error_handling_io.dart:590:14)
#5      ErrorHandlingDirectory.deleteSync (package:flutter_tools/src/base/error_handling_io.dart:480:12)
#6      _createPlatformPluginSymlinks (package:flutter_tools/src/flutter_plugins.dart:1041:22)
#7      createPluginSymlinks (package:flutter_tools/src/flutter_plugins.dart:985:5)
#8      refreshPluginsList (package:flutter_tools/src/flutter_plugins.dart:1087:5)
<asynchronous suspension>
#9      FlutterProject.ensureReadyForPlatformSpecificTooling (package:flutter_tools/src/project.dart:357:5)
<asynchronous suspension>
#10     PackagesGetCommand.runCommand (package:flutter_tools/src/commands/packages.dart:337:7)
<asynchronous suspension>
#11     FlutterCommand.run.<anonymous closure> (package:flutter_tools/src/runner/flutter_command.dart:1297:27)
<asynchronous suspension>
#12     AppContext.run.<anonymous closure> (package:flutter_tools/src/base/context.dart:150:19)
<asynchronous suspension>
#13     CommandRunner.runCommand (package:args/command_runner.dart:212:13)
<asynchronous suspension>
#14     FlutterCommandRunner.runCommand.<anonymous closure> (package:flutter_tools/src/runner/flutter_command_runner.dart:339:9)
<asynchronous suspension>
#15     AppContext.run.<anonymous closure> (package:flutter_tools/src/base/context.dart:150:19)
<asynchronous suspension>
#16     FlutterCommandRunner.runCommand (package:flutter_tools/src/runner/flutter_command_runner.dart:285:5)
<asynchronous suspension>
#17     run.<anonymous closure>.<anonymous closure> (package:flutter_tools/runner.dart:115:9)
<asynchronous suspension>
#18     AppContext.run.<anonymous closure> (package:flutter_tools/src/base/context.dart:150:19)
<asynchronous suspension>
#19     main (package:flutter_tools/executable.dart:90:3)
<asynchronous suspension>
```

## flutter doctor

```
[!] Flutter (Channel stable, 3.13.5, on Microsoft Windows [Version 10.0.22621.2361], locale en-US)
    • Flutter version 3.13.5 on channel stable at C:\flutter\flutter 3.13.3
    ! Warning: `flutter` on your path resolves to C:\flutter\flutter\bin\flutter, which is not inside your current Flutter SDK checkout at C:\flutter\flutter 3.13.3. Consider adding C:\flutter\flutter 3.13.3\bin to the front of your path.
    ! Warning: `dart` on your path resolves to C:\flutter\flutter\bin\dart, which is not inside your current Flutter SDK checkout at C:\flutter\flutter 3.13.3. Consider adding C:\flutter\flutter 3.13.3\bin to the front of your path.
    • Upstream repository https://github.com/flutter/flutter.git
    • Framework revision 12fccda598 (3 weeks ago), 2023-09-19 13:56:11 -0700
    • Engine revision bd986c5ed2
    • Dart version 3.1.2
    • DevTools version 2.25.0
    • If those were intentional, you can disregard the above warnings; however it is recommended to use "git" directly to perform update checks and upgrades.

[✓] Windows Version (Installed version of Windows is version 10 or higher)

[!] Android toolchain - develop for Android devices (Android SDK version 34.0.0)
    • Android SDK at C:\Users\jiten\AppData\Local\Android\sdk
    ✗ cmdline-tools component is missing
      Run `path/to/sdkmanager --install "cmdline-tools;latest"`
      See https://developer.android.com/studio/command-line for more details.
    ✗ Android license status unknown.
      Run `flutter doctor --android-licenses` to accept the SDK licenses.
      See https://flutter.dev/docs/get-started/install/windows#android-setup for more details.

[✓] Chrome - develop for the web
    • Chrome at C:\Users\jiten\AppData\Local\Google\Chrome\Application\chrome.exe

[✗] Visual Studio - develop Windows apps
    ✗ Visual Studio not installed; this is necessary to develop Windows apps.
      Download at https://visualstudio.microsoft.com/downloads/.
      Please install the "Desktop development with C++" workload, including all of its default components

[✓] Android Studio (version 2022.3)
    • Android Studio at C:\Program Files\Android\Android Studio
    • Flutter plugin can be installed from:
      🔨 https://plugins.jetbrains.com/plugin/9212-flutter
    • Dart plugin can be installed from:
      🔨 https://plugins.jetbrains.com/plugin/6351-dart
    • Java version OpenJDK Runtime Environment (build 17.0.6+0-b2043.56-10027231)

[✓] VS Code (version 1.82.1)
    • VS Code at C:\Users\jiten\AppData\Local\Programs\Microsoft VS Code
    • Flutter extension can be installed from:
      🔨 https://marketplace.visualstudio.com/items?itemName=Dart-Code.flutter

[✓] Connected device (4 available)
    • Redmi Note 5 Pro (mobile) • 192.168.1.4:5555 • android-arm64  • Android 9 (API 28)
    • Windows (desktop)         • windows          • windows-x64    • Microsoft Windows [Version 10.0.22621.2361]
    • Chrome (web)              • chrome           • web-javascript • Google Chrome 117.0.5938.150
    • Edge (web)                • edge             • web-javascript • Microsoft Edge 117.0.2045.60

[✓] Network resources
    • All expected network resources are available.

! Doctor found issues in 3 categories.
```
